<?xml version="1.0" encoding="UTF-8"?>
<testng-results ignored="1" total="5" passed="3" failed="1" skipped="0">
  <reporter-output>
  </reporter-output>
  <suite started-at="2026-04-05T19:26:13 IST" name="All Test Suite" finished-at="2026-04-05T19:26:52 IST" duration-ms="38888">
    <groups>
    </groups>
    <test started-at="2026-04-05T19:26:13 IST" name="D:/OrangeHRM_Automation/src/test/java/testcase" finished-at="2026-04-05T19:26:52 IST" duration-ms="38888">
      <class name="testcase.LoginTC">
        <test-method is-config="true" signature="setUp()[pri:0, instance:testcase.LoginTC@1aa7ecca]" started-at="2026-04-05T19:26:13 IST" name="setUp" finished-at="2026-04-05T19:26:47 IST" duration-ms="33917" status="PASS">
          <reporter-output>
          </reporter-output>
        </test-method> <!-- setUp -->
        <test-method signature="verifyInvalidLogin()[pri:0, instance:testcase.LoginTC@1aa7ecca]" started-at="2026-04-05T19:26:47 IST" name="verifyInvalidLogin" finished-at="2026-04-05T19:26:47 IST" duration-ms="0" status="FAIL">
          <exception class="org.testng.TestNGException">
            <message>
              <![CDATA[
Method public void testcase.LoginTC.verifyInvalidLogin() requires a @DataProvider named : invalidLoginDate]]>
            </message>
            <full-stacktrace>
              <![CDATA[org.testng.TestNGException: 
Method public void testcase.LoginTC.verifyInvalidLogin() requires a @DataProvider named : invalidLoginDate
at org.testng.internal.Parameters.findDataProvider(Parameters.java:532)
at org.testng.internal.Parameters.handleParameters(Parameters.java:769)
at org.testng.internal.Parameters.handleParameters(Parameters.java:734)
at org.testng.internal.invokers.ParameterHandler.handleParameters(ParameterHandler.java:72)
at org.testng.internal.invokers.ParameterHandler.createParameters(ParameterHandler.java:51)
at org.testng.internal.invokers.TestInvoker$MethodInvocationAgent.invoke(TestInvoker.java:949)
at org.testng.internal.invokers.TestInvoker.invokeTestMethods(TestInvoker.java:203)
at org.testng.internal.invokers.TestMethodWorker.invokeTestMethods(TestMethodWorker.java:154)
at org.testng.internal.invokers.TestMethodWorker.run(TestMethodWorker.java:134)
at java.base/java.util.ArrayList.forEach(ArrayList.java:1511)
at org.testng.TestRunner.privateRun(TestRunner.java:741)
at org.testng.TestRunner.run(TestRunner.java:616)
at org.testng.SuiteRunner.runTest(SuiteRunner.java:421)
at org.testng.SuiteRunner.runSequentially(SuiteRunner.java:413)
at org.testng.SuiteRunner.privateRun(SuiteRunner.java:373)
at org.testng.SuiteRunner.run(SuiteRunner.java:312)
at org.testng.SuiteRunnerWorker.runSuite(SuiteRunnerWorker.java:52)
at org.testng.SuiteRunnerWorker.run(SuiteRunnerWorker.java:95)
at org.testng.TestNG.runSuitesSequentially(TestNG.java:1274)
at org.testng.TestNG.runSuitesLocally(TestNG.java:1208)
at org.testng.TestNG.runSuites(TestNG.java:1112)
at org.testng.TestNG.run(TestNG.java:1079)
at org.apache.maven.surefire.testng.TestNGExecutor.run(TestNGExecutor.java:308)
at org.apache.maven.surefire.testng.TestNGXmlTestSuite.execute(TestNGXmlTestSuite.java:71)
at org.apache.maven.surefire.testng.TestNGProvider.invoke(TestNGProvider.java:113)
at org.apache.maven.surefire.booter.ForkedBooter.runSuitesInProcess(ForkedBooter.java:385)
at org.apache.maven.surefire.booter.ForkedBooter.execute(ForkedBooter.java:162)
at org.apache.maven.surefire.booter.ForkedBooter.run(ForkedBooter.java:507)
at org.apache.maven.surefire.booter.ForkedBooter.main(ForkedBooter.java:495)
]]>
            </full-stacktrace>
          </exception> <!-- org.testng.TestNGException -->
          <reporter-output>
          </reporter-output>
        </test-method> <!-- verifyInvalidLogin -->
        <test-method signature="verifyLoginUrl()[pri:0, instance:testcase.LoginTC@1aa7ecca]" started-at="2026-04-05T19:26:47 IST" name="verifyLoginUrl" finished-at="2026-04-05T19:26:47 IST" duration-ms="90" status="PASS">
          <reporter-output>
          </reporter-output>
        </test-method> <!-- verifyLoginUrl -->
        <test-method signature="verifyLoginTitle()[pri:1, instance:testcase.LoginTC@1aa7ecca]" started-at="2026-04-05T19:26:47 IST" name="verifyLoginTitle" finished-at="2026-04-05T19:26:47 IST" duration-ms="19" status="PASS">
          <reporter-output>
          </reporter-output>
        </test-method> <!-- verifyLoginTitle -->
        <test-method signature="verifyvalidLogin()[pri:2, instance:testcase.LoginTC@1aa7ecca]" started-at="2026-04-05T19:26:47 IST" name="verifyvalidLogin" finished-at="2026-04-05T19:26:52 IST" duration-ms="4398" status="PASS">
          <reporter-output>
          </reporter-output>
        </test-method> <!-- verifyvalidLogin -->
        <test-method is-config="true" signature="tearDown()[pri:0, instance:testcase.LoginTC@1aa7ecca]" started-at="2026-04-05T19:26:52 IST" name="tearDown" finished-at="2026-04-05T19:26:52 IST" duration-ms="365" status="PASS">
          <reporter-output>
          </reporter-output>
        </test-method> <!-- tearDown -->
      </class> <!-- testcase.LoginTC -->
    </test> <!-- D:/OrangeHRM_Automation/src/test/java/testcase -->
  </suite> <!-- All Test Suite -->
</testng-results>
