<?xml version="1.0" encoding="UTF-8"?>
<testng-results ignored="0" total="8" passed="5" failed="3" skipped="0">
  <reporter-output>
  </reporter-output>
  <suite started-at="2026-04-15T19:40:34 IST" name="All Test Suite" finished-at="2026-04-15T19:44:19 IST" duration-ms="225272">
    <groups>
    </groups>
    <test started-at="2026-04-15T19:40:34 IST" name="D:/OrangeHRM_Automation/src/test/java/testcase" finished-at="2026-04-15T19:44:19 IST" duration-ms="225272">
      <class name="testcase.LoginTC">
        <test-method is-config="true" signature="setUp()[pri:0, instance:testcase.LoginTC@28701274]" started-at="2026-04-15T19:42:06 IST" name="setUp" finished-at="2026-04-15T19:43:02 IST" duration-ms="55448" status="PASS">
          <reporter-output>
          </reporter-output>
        </test-method> <!-- setUp -->
        <test-method signature="verifyInvalidLogin()[pri:0, instance:testcase.LoginTC@28701274]" started-at="2026-04-15T19:43:02 IST" name="verifyInvalidLogin" finished-at="2026-04-15T19:43:02 IST" duration-ms="0" status="FAIL">
          <exception class="org.testng.TestNGException">
            <message>
              <![CDATA[
Method public void testcase.LoginTC.verifyInvalidLogin() requires a @DataProvider named : invalidLoginDate]]>
            </message>
            <full-stacktrace>
              <![CDATA[org.testng.TestNGException: 
Method public void testcase.LoginTC.verifyInvalidLogin() requires a @DataProvider named : invalidLoginDate
at org.testng.internal.Parameters.findDataProvider(Parameters.java:532)
at org.testng.internal.Parameters.handleParameters(Parameters.java:769)
at org.testng.internal.Parameters.handleParameters(Parameters.java:734)
at org.testng.internal.invokers.ParameterHandler.handleParameters(ParameterHandler.java:72)
at org.testng.internal.invokers.ParameterHandler.createParameters(ParameterHandler.java:51)
at org.testng.internal.invokers.TestInvoker$MethodInvocationAgent.invoke(TestInvoker.java:949)
at org.testng.internal.invokers.TestInvoker.invokeTestMethods(TestInvoker.java:203)
at org.testng.internal.invokers.TestMethodWorker.invokeTestMethods(TestMethodWorker.java:154)
at org.testng.internal.invokers.TestMethodWorker.run(TestMethodWorker.java:134)
at java.base/java.util.ArrayList.forEach(ArrayList.java:1511)
at org.testng.TestRunner.privateRun(TestRunner.java:741)
at org.testng.TestRunner.run(TestRunner.java:616)
at org.testng.SuiteRunner.runTest(SuiteRunner.java:421)
at org.testng.SuiteRunner$SuiteWorker.run(SuiteRunner.java:463)
at org.testng.internal.thread.ThreadUtil.lambda$execute$0(ThreadUtil.java:64)
at java.base/java.util.concurrent.FutureTask.run$$$capture(FutureTask.java:264)
at java.base/java.util.concurrent.FutureTask.run(FutureTask.java)
at --- Async.Stack.Trace --- (captured by IntelliJ IDEA debugger)
at java.base/java.util.concurrent.FutureTask.<init>(FutureTask.java:132)
at java.base/java.util.concurrent.AbstractExecutorService.newTaskFor(AbstractExecutorService.java:113)
at java.base/java.util.concurrent.AbstractExecutorService.invokeAll(AbstractExecutorService.java:274)
at org.testng.internal.thread.ThreadUtil.execute(ThreadUtil.java:70)
at org.testng.SuiteRunner.runInParallelTestMode(SuiteRunner.java:442)
at org.testng.SuiteRunner.privateRun(SuiteRunner.java:371)
at org.testng.SuiteRunner.run(SuiteRunner.java:312)
at org.testng.SuiteRunnerWorker.runSuite(SuiteRunnerWorker.java:52)
at org.testng.SuiteRunnerWorker.run(SuiteRunnerWorker.java:95)
at org.testng.TestNG.runSuitesSequentially(TestNG.java:1274)
at org.testng.TestNG.runSuitesLocally(TestNG.java:1208)
at org.testng.TestNG.runSuites(TestNG.java:1112)
at org.testng.TestNG.run(TestNG.java:1079)
at com.intellij.rt.testng.IDEARemoteTestNG.run(IDEARemoteTestNG.java:65)
at com.intellij.rt.testng.RemoteTestNGStarter.main(RemoteTestNGStarter.java:105)
]]>
            </full-stacktrace>
          </exception> <!-- org.testng.TestNGException -->
          <reporter-output>
          </reporter-output>
        </test-method> <!-- verifyInvalidLogin -->
        <test-method signature="verifyLoginUrl()[pri:0, instance:testcase.LoginTC@28701274]" started-at="2026-04-15T19:43:02 IST" name="verifyLoginUrl" finished-at="2026-04-15T19:43:02 IST" duration-ms="24" status="PASS">
          <reporter-output>
          </reporter-output>
        </test-method> <!-- verifyLoginUrl -->
        <test-method signature="verifyLoginTitle()[pri:1, instance:testcase.LoginTC@28701274]" started-at="2026-04-15T19:44:16 IST" name="verifyLoginTitle" finished-at="2026-04-15T19:44:16 IST" duration-ms="27" status="PASS">
          <reporter-output>
          </reporter-output>
        </test-method> <!-- verifyLoginTitle -->
        <test-method signature="verifyvalidLogin()[pri:2, instance:testcase.LoginTC@28701274]" started-at="2026-04-15T19:44:16 IST" name="verifyvalidLogin" finished-at="2026-04-15T19:44:18 IST" duration-ms="2452" status="PASS">
          <reporter-output>
          </reporter-output>
        </test-method> <!-- verifyvalidLogin -->
        <test-method is-config="true" signature="tearDown()[pri:0, instance:testcase.LoginTC@28701274]" started-at="2026-04-15T19:44:18 IST" name="tearDown" finished-at="2026-04-15T19:44:19 IST" duration-ms="404" status="PASS">
          <reporter-output>
          </reporter-output>
        </test-method> <!-- tearDown -->
      </class> <!-- testcase.LoginTC -->
      <class name="testcase.DashboardTC">
        <test-method is-config="true" signature="setUp()[pri:0, instance:testcase.DashboardTC@3590fc5b]" started-at="2026-04-15T19:40:34 IST" name="setUp" finished-at="2026-04-15T19:41:51 IST" duration-ms="77853" status="PASS">
          <reporter-output>
          </reporter-output>
        </test-method> <!-- setUp -->
        <test-method signature="verifyDashboardPage()[pri:0, instance:testcase.DashboardTC@3590fc5b]" started-at="2026-04-15T19:41:51 IST" name="verifyDashboardPage" finished-at="2026-04-15T19:42:05 IST" duration-ms="13941" status="PASS">
          <reporter-output>
          </reporter-output>
        </test-method> <!-- verifyDashboardPage -->
        <test-method is-config="true" signature="tearDown()[pri:0, instance:testcase.DashboardTC@3590fc5b]" started-at="2026-04-15T19:42:05 IST" name="tearDown" finished-at="2026-04-15T19:42:06 IST" duration-ms="879" status="PASS">
          <reporter-output>
          </reporter-output>
        </test-method> <!-- tearDown -->
      </class> <!-- testcase.DashboardTC -->
      <class name="testcase.PIMTC">
        <test-method is-config="true" signature="setUp()[pri:0, instance:testcase.PIMTC@6c6cb480]" started-at="2026-04-15T19:43:02 IST" name="setUp" finished-at="2026-04-15T19:43:05 IST" duration-ms="3273" status="PASS">
          <reporter-output>
          </reporter-output>
        </test-method> <!-- setUp -->
        <test-method signature="verifyPIMTitle()[pri:0, instance:testcase.PIMTC@6c6cb480]" started-at="2026-04-15T19:43:05 IST" name="verifyPIMTitle" finished-at="2026-04-15T19:43:55 IST" duration-ms="49931" status="PASS">
          <reporter-output>
          </reporter-output>
        </test-method> <!-- verifyPIMTitle -->
        <test-method signature="verifyPIMUrl()[pri:0, instance:testcase.PIMTC@6c6cb480]" started-at="2026-04-15T19:43:55 IST" name="verifyPIMUrl" finished-at="2026-04-15T19:44:05 IST" duration-ms="10301" status="FAIL">
          <exception class="org.openqa.selenium.TimeoutException">
            <message>
              <![CDATA[Expected condition failed: waiting for visibility of Proxy element for: DefaultElementLocator 'By.cssSelector: .oxd-text.oxd-text--h6.oxd-topbar-header-breadcrumb-module' (tried for 10 second(s) with 500 milliseconds interval)]]>
            </message>
            <full-stacktrace>
              <![CDATA[org.openqa.selenium.TimeoutException: Expected condition failed: waiting for visibility of Proxy element for: DefaultElementLocator 'By.cssSelector: .oxd-text.oxd-text--h6.oxd-topbar-header-breadcrumb-module' (tried for 10 second(s) with 500 milliseconds interval)
at org.openqa.selenium.support.ui.WebDriverWait.timeoutException(WebDriverWait.java:84)
at org.openqa.selenium.support.ui.FluentWait.until(FluentWait.java:228)
at org.orangehrm.utils.WaitUtil.waitForVisibilityOfElement(WaitUtil.java:23)
at org.orangehrm.pages.PIMPage.isPIMPageIsDisplayed(PIMPage.java:49)
at testcase.PIMTC.verifyPIMUrl(PIMTC.java:17)
at java.base/jdk.internal.reflect.NativeMethodAccessorImpl.invoke0(Native Method)
at java.base/jdk.internal.reflect.NativeMethodAccessorImpl.invoke(NativeMethodAccessorImpl.java:77)
at java.base/jdk.internal.reflect.DelegatingMethodAccessorImpl.invoke(DelegatingMethodAccessorImpl.java:43)
at java.base/java.lang.reflect.Method.invoke(Method.java:569)
at org.testng.internal.invokers.MethodInvocationHelper.invokeMethod(MethodInvocationHelper.java:141)
at org.testng.internal.invokers.TestInvoker.invokeMethod(TestInvoker.java:687)
at org.testng.internal.invokers.TestInvoker.invokeTestMethod(TestInvoker.java:230)
at org.testng.internal.invokers.MethodRunner.runInSequence(MethodRunner.java:63)
at org.testng.internal.invokers.TestInvoker$MethodInvocationAgent.invoke(TestInvoker.java:995)
at org.testng.internal.invokers.TestInvoker.invokeTestMethods(TestInvoker.java:203)
at org.testng.internal.invokers.TestMethodWorker.invokeTestMethods(TestMethodWorker.java:154)
at org.testng.internal.invokers.TestMethodWorker.run(TestMethodWorker.java:134)
at java.base/java.util.ArrayList.forEach(ArrayList.java:1511)
at org.testng.TestRunner.privateRun(TestRunner.java:741)
at org.testng.TestRunner.run(TestRunner.java:616)
at org.testng.SuiteRunner.runTest(SuiteRunner.java:421)
at org.testng.SuiteRunner$SuiteWorker.run(SuiteRunner.java:463)
at org.testng.internal.thread.ThreadUtil.lambda$execute$0(ThreadUtil.java:64)
at java.base/java.util.concurrent.FutureTask.run$$$capture(FutureTask.java:264)
at java.base/java.util.concurrent.FutureTask.run(FutureTask.java)
at --- Async.Stack.Trace --- (captured by IntelliJ IDEA debugger)
at java.base/java.util.concurrent.FutureTask.<init>(FutureTask.java:132)
at java.base/java.util.concurrent.AbstractExecutorService.newTaskFor(AbstractExecutorService.java:113)
at java.base/java.util.concurrent.AbstractExecutorService.invokeAll(AbstractExecutorService.java:274)
at org.testng.internal.thread.ThreadUtil.execute(ThreadUtil.java:70)
at org.testng.SuiteRunner.runInParallelTestMode(SuiteRunner.java:442)
at org.testng.SuiteRunner.privateRun(SuiteRunner.java:371)
at org.testng.SuiteRunner.run(SuiteRunner.java:312)
at org.testng.SuiteRunnerWorker.runSuite(SuiteRunnerWorker.java:52)
at org.testng.SuiteRunnerWorker.run(SuiteRunnerWorker.java:95)
at org.testng.TestNG.runSuitesSequentially(TestNG.java:1274)
at org.testng.TestNG.runSuitesLocally(TestNG.java:1208)
at org.testng.TestNG.runSuites(TestNG.java:1112)
at org.testng.TestNG.run(TestNG.java:1079)
at com.intellij.rt.testng.IDEARemoteTestNG.run(IDEARemoteTestNG.java:65)
at com.intellij.rt.testng.RemoteTestNGStarter.main(RemoteTestNGStarter.java:105)
Caused by: org.openqa.selenium.NoSuchElementException: no such element: Unable to locate element: {"method":"css selector","selector":".oxd-text.oxd-text--h6.oxd-topbar-header-breadcrumb-module"}
  (Session info: chrome=147.0.7727.56)
For documentation on this error, please visit: https://www.selenium.dev/documentation/webdriver/troubleshooting/errors#nosuchelementexception
Build info: version: '4.39.0', revision: '126f156aee'
System info: os.name: 'Windows 10', os.arch: 'amd64', os.version: '10.0', java.version: '17.0.18'
Driver info: org.openqa.selenium.chrome.ChromeDriver
Command: [4aa0a2181b8fa4247f913931a2a159cd, findElement {using=css selector, value=.oxd-text.oxd-text--h6.oxd-topbar-header-breadcrumb-module}]
Capabilities {acceptInsecureCerts: false, browserName: chrome, browserVersion: 147.0.7727.56, chrome: {chromedriverVersion: 147.0.7727.56 (b28eac7a1a97..., userDataDir: C:\Users\as\AppData\Local\T...}, fedcm:accounts: true, goog:chromeOptions: {debuggerAddress: localhost:51199}, goog:processID: 12244, networkConnectionEnabled: false, pageLoadStrategy: normal, platformName: windows, proxy: Proxy(), se:cdp: ws://localhost:51199/devtoo..., se:cdpVersion: 147.0.7727.56, setWindowRect: true, strictFileInteractability: false, timeouts: {implicit: 0, pageLoad: 300000, script: 30000}, unhandledPromptBehavior: dismiss and notify, webauthn:extension:credBlob: true, webauthn:extension:largeBlob: true, webauthn:extension:minPinLength: true, webauthn:extension:prf: true, webauthn:virtualAuthenticators: true}
Session ID: 4aa0a2181b8fa4247f913931a2a159cd
at jdk.internal.reflect.GeneratedConstructorAccessor11.newInstance(Unknown Source)
at java.base/jdk.internal.reflect.DelegatingConstructorAccessorImpl.newInstance(DelegatingConstructorAccessorImpl.java:45)
at java.base/java.lang.reflect.Constructor.newInstanceWithCaller(Constructor.java:500)
at java.base/java.lang.reflect.Constructor.newInstance(Constructor.java:481)
at org.openqa.selenium.remote.ErrorCodec.decode(ErrorCodec.java:167)
at org.openqa.selenium.remote.codec.w3c.W3CHttpResponseCodec.decode(W3CHttpResponseCodec.java:142)
at org.openqa.selenium.remote.codec.w3c.W3CHttpResponseCodec.decode(W3CHttpResponseCodec.java:49)
at org.openqa.selenium.remote.HttpCommandExecutor.execute(HttpCommandExecutor.java:215)
at org.openqa.selenium.remote.service.DriverCommandExecutor.invokeExecute(DriverCommandExecutor.java:216)
at org.openqa.selenium.remote.service.DriverCommandExecutor.execute(DriverCommandExecutor.java:174)
at org.openqa.selenium.remote.RemoteWebDriver.execute(RemoteWebDriver.java:561)
at org.openqa.selenium.remote.ElementLocation$ElementFinder$2.findElement(ElementLocation.java:166)
at org.openqa.selenium.remote.ElementLocation.findElement(ElementLocation.java:60)
at org.openqa.selenium.remote.RemoteWebDriver.findElement(RemoteWebDriver.java:384)
at org.openqa.selenium.remote.RemoteWebDriver.findElement(RemoteWebDriver.java:378)
at org.openqa.selenium.support.pagefactory.DefaultElementLocator.findElement(DefaultElementLocator.java:68)
at org.openqa.selenium.support.pagefactory.internal.LocatingElementHandler.invoke(LocatingElementHandler.java:38)
at jdk.proxy2/jdk.proxy2.$Proxy11.isDisplayed(Unknown Source)
at org.openqa.selenium.support.ui.ExpectedConditions.elementIfVisible(ExpectedConditions.java:308)
at org.openqa.selenium.support.ui.ExpectedConditions$10.apply(ExpectedConditions.java:294)
at org.openqa.selenium.support.ui.ExpectedConditions$10.apply(ExpectedConditions.java:291)
at org.openqa.selenium.support.ui.FluentWait.until(FluentWait.java:203)
... 39 more
]]>
            </full-stacktrace>
          </exception> <!-- org.openqa.selenium.TimeoutException -->
          <reporter-output>
          </reporter-output>
        </test-method> <!-- verifyPIMUrl -->
        <test-method signature="verifyPIMpageDisplayed()[pri:0, instance:testcase.PIMTC@6c6cb480]" started-at="2026-04-15T19:44:05 IST" name="verifyPIMpageDisplayed" finished-at="2026-04-15T19:44:15 IST" duration-ms="10121" status="FAIL">
          <exception class="org.openqa.selenium.TimeoutException">
            <message>
              <![CDATA[Expected condition failed: waiting for visibility of Proxy element for: DefaultElementLocator 'By.cssSelector: .oxd-text.oxd-text--h6.oxd-topbar-header-breadcrumb-module' (tried for 10 second(s) with 500 milliseconds interval)]]>
            </message>
            <full-stacktrace>
              <![CDATA[org.openqa.selenium.TimeoutException: Expected condition failed: waiting for visibility of Proxy element for: DefaultElementLocator 'By.cssSelector: .oxd-text.oxd-text--h6.oxd-topbar-header-breadcrumb-module' (tried for 10 second(s) with 500 milliseconds interval)
at org.openqa.selenium.support.ui.WebDriverWait.timeoutException(WebDriverWait.java:84)
at org.openqa.selenium.support.ui.FluentWait.until(FluentWait.java:228)
at org.orangehrm.utils.WaitUtil.waitForVisibilityOfElement(WaitUtil.java:23)
at org.orangehrm.pages.PIMPage.isPIMHeaderIsDisplayed(PIMPage.java:41)
at testcase.PIMTC.verifyPIMpageDisplayed(PIMTC.java:31)
at java.base/jdk.internal.reflect.NativeMethodAccessorImpl.invoke0(Native Method)
at java.base/jdk.internal.reflect.NativeMethodAccessorImpl.invoke(NativeMethodAccessorImpl.java:77)
at java.base/jdk.internal.reflect.DelegatingMethodAccessorImpl.invoke(DelegatingMethodAccessorImpl.java:43)
at java.base/java.lang.reflect.Method.invoke(Method.java:569)
at org.testng.internal.invokers.MethodInvocationHelper.invokeMethod(MethodInvocationHelper.java:141)
at org.testng.internal.invokers.TestInvoker.invokeMethod(TestInvoker.java:687)
at org.testng.internal.invokers.TestInvoker.invokeTestMethod(TestInvoker.java:230)
at org.testng.internal.invokers.MethodRunner.runInSequence(MethodRunner.java:63)
at org.testng.internal.invokers.TestInvoker$MethodInvocationAgent.invoke(TestInvoker.java:995)
at org.testng.internal.invokers.TestInvoker.invokeTestMethods(TestInvoker.java:203)
at org.testng.internal.invokers.TestMethodWorker.invokeTestMethods(TestMethodWorker.java:154)
at org.testng.internal.invokers.TestMethodWorker.run(TestMethodWorker.java:134)
at java.base/java.util.ArrayList.forEach(ArrayList.java:1511)
at org.testng.TestRunner.privateRun(TestRunner.java:741)
at org.testng.TestRunner.run(TestRunner.java:616)
at org.testng.SuiteRunner.runTest(SuiteRunner.java:421)
at org.testng.SuiteRunner$SuiteWorker.run(SuiteRunner.java:463)
at org.testng.internal.thread.ThreadUtil.lambda$execute$0(ThreadUtil.java:64)
at java.base/java.util.concurrent.FutureTask.run$$$capture(FutureTask.java:264)
at java.base/java.util.concurrent.FutureTask.run(FutureTask.java)
at --- Async.Stack.Trace --- (captured by IntelliJ IDEA debugger)
at java.base/java.util.concurrent.FutureTask.<init>(FutureTask.java:132)
at java.base/java.util.concurrent.AbstractExecutorService.newTaskFor(AbstractExecutorService.java:113)
at java.base/java.util.concurrent.AbstractExecutorService.invokeAll(AbstractExecutorService.java:274)
at org.testng.internal.thread.ThreadUtil.execute(ThreadUtil.java:70)
at org.testng.SuiteRunner.runInParallelTestMode(SuiteRunner.java:442)
at org.testng.SuiteRunner.privateRun(SuiteRunner.java:371)
at org.testng.SuiteRunner.run(SuiteRunner.java:312)
at org.testng.SuiteRunnerWorker.runSuite(SuiteRunnerWorker.java:52)
at org.testng.SuiteRunnerWorker.run(SuiteRunnerWorker.java:95)
at org.testng.TestNG.runSuitesSequentially(TestNG.java:1274)
at org.testng.TestNG.runSuitesLocally(TestNG.java:1208)
at org.testng.TestNG.runSuites(TestNG.java:1112)
at org.testng.TestNG.run(TestNG.java:1079)
at com.intellij.rt.testng.IDEARemoteTestNG.run(IDEARemoteTestNG.java:65)
at com.intellij.rt.testng.RemoteTestNGStarter.main(RemoteTestNGStarter.java:105)
Caused by: org.openqa.selenium.NoSuchElementException: no such element: Unable to locate element: {"method":"css selector","selector":".oxd-text.oxd-text--h6.oxd-topbar-header-breadcrumb-module"}
  (Session info: chrome=147.0.7727.56)
For documentation on this error, please visit: https://www.selenium.dev/documentation/webdriver/troubleshooting/errors#nosuchelementexception
Build info: version: '4.39.0', revision: '126f156aee'
System info: os.name: 'Windows 10', os.arch: 'amd64', os.version: '10.0', java.version: '17.0.18'
Driver info: org.openqa.selenium.chrome.ChromeDriver
Command: [4aa0a2181b8fa4247f913931a2a159cd, findElement {using=css selector, value=.oxd-text.oxd-text--h6.oxd-topbar-header-breadcrumb-module}]
Capabilities {acceptInsecureCerts: false, browserName: chrome, browserVersion: 147.0.7727.56, chrome: {chromedriverVersion: 147.0.7727.56 (b28eac7a1a97..., userDataDir: C:\Users\as\AppData\Local\T...}, fedcm:accounts: true, goog:chromeOptions: {debuggerAddress: localhost:51199}, goog:processID: 12244, networkConnectionEnabled: false, pageLoadStrategy: normal, platformName: windows, proxy: Proxy(), se:cdp: ws://localhost:51199/devtoo..., se:cdpVersion: 147.0.7727.56, setWindowRect: true, strictFileInteractability: false, timeouts: {implicit: 0, pageLoad: 300000, script: 30000}, unhandledPromptBehavior: dismiss and notify, webauthn:extension:credBlob: true, webauthn:extension:largeBlob: true, webauthn:extension:minPinLength: true, webauthn:extension:prf: true, webauthn:virtualAuthenticators: true}
Session ID: 4aa0a2181b8fa4247f913931a2a159cd
at jdk.internal.reflect.GeneratedConstructorAccessor11.newInstance(Unknown Source)
at java.base/jdk.internal.reflect.DelegatingConstructorAccessorImpl.newInstance(DelegatingConstructorAccessorImpl.java:45)
at java.base/java.lang.reflect.Constructor.newInstanceWithCaller(Constructor.java:500)
at java.base/java.lang.reflect.Constructor.newInstance(Constructor.java:481)
at org.openqa.selenium.remote.ErrorCodec.decode(ErrorCodec.java:167)
at org.openqa.selenium.remote.codec.w3c.W3CHttpResponseCodec.decode(W3CHttpResponseCodec.java:142)
at org.openqa.selenium.remote.codec.w3c.W3CHttpResponseCodec.decode(W3CHttpResponseCodec.java:49)
at org.openqa.selenium.remote.HttpCommandExecutor.execute(HttpCommandExecutor.java:215)
at org.openqa.selenium.remote.service.DriverCommandExecutor.invokeExecute(DriverCommandExecutor.java:216)
at org.openqa.selenium.remote.service.DriverCommandExecutor.execute(DriverCommandExecutor.java:174)
at org.openqa.selenium.remote.RemoteWebDriver.execute(RemoteWebDriver.java:561)
at org.openqa.selenium.remote.ElementLocation$ElementFinder$2.findElement(ElementLocation.java:166)
at org.openqa.selenium.remote.ElementLocation.findElement(ElementLocation.java:60)
at org.openqa.selenium.remote.RemoteWebDriver.findElement(RemoteWebDriver.java:384)
at org.openqa.selenium.remote.RemoteWebDriver.findElement(RemoteWebDriver.java:378)
at org.openqa.selenium.support.pagefactory.DefaultElementLocator.findElement(DefaultElementLocator.java:68)
at org.openqa.selenium.support.pagefactory.internal.LocatingElementHandler.invoke(LocatingElementHandler.java:38)
at jdk.proxy2/jdk.proxy2.$Proxy11.isDisplayed(Unknown Source)
at org.openqa.selenium.support.ui.ExpectedConditions.elementIfVisible(ExpectedConditions.java:308)
at org.openqa.selenium.support.ui.ExpectedConditions$10.apply(ExpectedConditions.java:294)
at org.openqa.selenium.support.ui.ExpectedConditions$10.apply(ExpectedConditions.java:291)
at org.openqa.selenium.support.ui.FluentWait.until(FluentWait.java:203)
... 39 more
]]>
            </full-stacktrace>
          </exception> <!-- org.openqa.selenium.TimeoutException -->
          <reporter-output>
          </reporter-output>
        </test-method> <!-- verifyPIMpageDisplayed -->
        <test-method is-config="true" signature="tearDown()[pri:0, instance:testcase.PIMTC@6c6cb480]" started-at="2026-04-15T19:44:15 IST" name="tearDown" finished-at="2026-04-15T19:44:16 IST" duration-ms="429" status="PASS">
          <reporter-output>
          </reporter-output>
        </test-method> <!-- tearDown -->
      </class> <!-- testcase.PIMTC -->
    </test> <!-- D:/OrangeHRM_Automation/src/test/java/testcase -->
  </suite> <!-- All Test Suite -->
</testng-results>
